# JRE version: OpenJDK Runtime Environment Microsoft-8035246 (17.0.8+7) (build 17.0.8+7-LTS)
# Java VM: OpenJDK 64-Bit Server VM Microsoft-8035246 (17.0.8+7-LTS, mixed mode, tiered, compressed oops, compressed class ptrs, g1 gc, windows-amd64)
GC Precious Log:
 CPUs: 24 total, 24 available
 Memory: 31936M
 Large Page Support: Disabled
 NUMA Support: Disabled
 Compressed Oops: Enabled (Zero based)
 Heap Region Size: 32M
 Heap Min Capacity: 32M
 Heap Initial Capacity: 512M
 Heap Max Capacity: 8G
 Pre-touch: Disabled
 Parallel Workers: 18
 Concurrent Workers: 5
 Concurrent Refinement Workers: 18
 Periodic GC: Disabled
Heap:
 garbage-first heap   total 3440640K, used 2692719K [0x0000000600000000, 0x0000000800000000)
  region size 32768K, 20 young (655360K), 1 survivors (32768K)
 Metaspace       used 185893K, committed 187648K, reserved 1245184K
  class space    used 25082K, committed 25920K, reserved 1048576K
GC Heap History (20 events):
Event: 3558.597 GC heap before
{Heap before GC invocations=751 (full 0):
 garbage-first heap   total 3440640K, used 2755837K [0x0000000600000000, 0x0000000800000000)
  region size 32768K, 21 young (688128K), 1 survivors (32768K)
 Metaspace       used 185890K, committed 187648K, reserved 1245184K
  class space    used 25082K, committed 25920K, reserved 1048576K
}
Event: 3558.599 GC heap after
{Heap after GC invocations=752 (full 0):
 garbage-first heap   total 3440640K, used 2134292K [0x0000000600000000, 0x0000000800000000)
  region size 32768K, 1 young (32768K), 1 survivors (32768K)
 Metaspace       used 185890K, committed 187648K, reserved 1245184K
  class space    used 25082K, committed 25920K, reserved 1048576K
}
Event: 3563.224 GC heap before
{Heap before GC invocations=752 (full 0):
 garbage-first heap   total 3440640K, used 2756884K [0x0000000600000000, 0x0000000800000000)
  region size 32768K, 21 young (688128K), 1 survivors (32768K)
 Metaspace       used 185891K, committed 187648K, reserved 1245184K
  class space    used 25082K, committed 25920K, reserved 1048576K
}
Event: 3563.226 GC heap after
{Heap after GC invocations=753 (full 0):
 garbage-first heap   total 3440640K, used 2134539K [0x0000000600000000, 0x0000000800000000)
  region size 32768K, 1 young (32768K), 1 survivors (32768K)
 Metaspace       used 185891K, committed 187648K, reserved 1245184K
  class space    used 25082K, committed 25920K, reserved 1048576K
}
Event: 3568.117 GC heap before
{Heap before GC invocations=753 (full 0):
 garbage-first heap   total 3440640K, used 2757131K [0x0000000600000000, 0x0000000800000000)
  region size 32768K, 21 young (688128K), 1 survivors (32768K)
 Metaspace       used 185891K, committed 187648K, reserved 1245184K
  class space    used 25082K, committed 25920K, reserved 1048576K
}
Event: 3568.120 GC heap after
{Heap after GC invocations=754 (full 0):
 garbage-first heap   total 3440640K, used 2133480K [0x0000000600000000, 0x0000000800000000)
  region size 32768K, 1 young (32768K), 1 survivors (32768K)
 Metaspace       used 185891K, committed 187648K, reserved 1245184K
  class space    used 25082K, committed 25920K, reserved 1048576K
}
Event: 3572.239 GC heap before
{Heap before GC invocations=754 (full 0):
 garbage-first heap   total 3440640K, used 2756072K [0x0000000600000000, 0x0000000800000000)
  region size 32768K, 21 young (688128K), 1 survivors (32768K)
 Metaspace       used 185892K, committed 187648K, reserved 1245184K
  class space    used 25082K, committed 25920K, reserved 1048576K
}
Event: 3572.241 GC heap after
{Heap after GC invocations=755 (full 0):
 garbage-first heap   total 3440640K, used 2133221K [0x0000000600000000, 0x0000000800000000)
  region size 32768K, 1 young (32768K), 1 survivors (32768K)
 Metaspace       used 185892K, committed 187648K, reserved 1245184K
  class space    used 25082K, committed 25920K, reserved 1048576K
}
Event: 3577.238 GC heap before
{Heap before GC invocations=755 (full 0):
 garbage-first heap   total 3440640K, used 2755813K [0x0000000600000000, 0x0000000800000000)
  region size 32768K, 21 young (688128K), 1 survivors (32768K)
 Metaspace       used 185893K, committed 187648K, reserved 1245184K
  class space    used 25082K, committed 25920K, reserved 1048576K
}
Event: 3577.240 GC heap after
{Heap after GC invocations=756 (full 0):
 garbage-first heap   total 3440640K, used 2133660K [0x0000000600000000, 0x0000000800000000)
  region size 32768K, 1 young (32768K), 1 survivors (32768K)
 Metaspace       used 185893K, committed 187648K, reserved 1245184K
  class space    used 25082K, committed 25920K, reserved 1048576K
}
Event: 3581.990 GC heap before
{Heap before GC invocations=756 (full 0):
 garbage-first heap   total 3440640K, used 2756252K [0x0000000600000000, 0x0000000800000000)
  region size 32768K, 21 young (688128K), 1 survivors (32768K)
 Metaspace       used 185893K, committed 187648K, reserved 1245184K
  class space    used 25082K, committed 25920K, reserved 1048576K
}
Event: 3581.992 GC heap after
{Heap after GC invocations=757 (full 0):
 garbage-first heap   total 3440640K, used 2133852K [0x0000000600000000, 0x0000000800000000)
  region size 32768K, 1 young (32768K), 1 survivors (32768K)
 Metaspace       used 185893K, committed 187648K, reserved 1245184K
  class space    used 25082K, committed 25920K, reserved 1048576K
}
Event: 3585.705 GC heap before
{Heap before GC invocations=757 (full 0):
 garbage-first heap   total 3440640K, used 2756444K [0x0000000600000000, 0x0000000800000000)
  region size 32768K, 21 young (688128K), 1 survivors (32768K)
 Metaspace       used 185893K, committed 187648K, reserved 1245184K
  class space    used 25082K, committed 25920K, reserved 1048576K
}
Event: 3585.707 GC heap after
{Heap after GC invocations=758 (full 0):
 garbage-first heap   total 3440640K, used 2134646K [0x0000000600000000, 0x0000000800000000)
  region size 32768K, 1 young (32768K), 1 survivors (32768K)
 Metaspace       used 185893K, committed 187648K, reserved 1245184K
  class space    used 25082K, committed 25920K, reserved 1048576K
}
Event: 3589.461 GC heap before
{Heap before GC invocations=758 (full 0):
 garbage-first heap   total 3440640K, used 2757238K [0x0000000600000000, 0x0000000800000000)
  region size 32768K, 21 young (688128K), 1 survivors (32768K)
 Metaspace       used 185893K, committed 187648K, reserved 1245184K
  class space    used 25082K, committed 25920K, reserved 1048576K
}
Event: 3589.463 GC heap after
{Heap after GC invocations=759 (full 0):
 garbage-first heap   total 3440640K, used 2135166K [0x0000000600000000, 0x0000000800000000)
  region size 32768K, 1 young (32768K), 1 survivors (32768K)
 Metaspace       used 185893K, committed 187648K, reserved 1245184K
  class space    used 25082K, committed 25920K, reserved 1048576K
}
Event: 3593.336 GC heap before
{Heap before GC invocations=759 (full 0):
 garbage-first heap   total 3440640K, used 2757758K [0x0000000600000000, 0x0000000800000000)
  region size 32768K, 21 young (688128K), 1 survivors (32768K)
 Metaspace       used 185893K, committed 187648K, reserved 1245184K
  class space    used 25082K, committed 25920K, reserved 1048576K
}
Event: 3593.339 GC heap after
{Heap after GC invocations=760 (full 0):
 garbage-first heap   total 3440640K, used 2136327K [0x0000000600000000, 0x0000000800000000)
  region size 32768K, 1 young (32768K), 1 survivors (32768K)
 Metaspace       used 185893K, committed 187648K, reserved 1245184K
  class space    used 25082K, committed 25920K, reserved 1048576K
}
Event: 3597.086 GC heap before
{Heap before GC invocations=760 (full 0):
 garbage-first heap   total 3440640K, used 2791687K [0x0000000600000000, 0x0000000800000000)
  region size 32768K, 21 young (688128K), 1 survivors (32768K)
 Metaspace       used 185893K, committed 187648K, reserved 1245184K
  class space    used 25082K, committed 25920K, reserved 1048576K
}
Event: 3597.087 GC heap after
{Heap after GC invocations=761 (full 0):
 garbage-first heap   total 3440640K, used 2135663K [0x0000000600000000, 0x0000000800000000)
  region size 32768K, 1 young (32768K), 1 survivors (32768K)
 Metaspace       used 185893K, committed 187648K, reserved 1245184K
  class space    used 25082K, committed 25920K, reserved 1048576K
}

